Analysis & Synthesis report for newfinal
Thu Dec 06 17:11:59 2018
Quartus Prime Version 18.0.0 Build 614 04/24/2018 SJ Standard Edition


---------------------
; Table of Contents ;
---------------------
  1. Legal Notice
  2. Analysis & Synthesis Summary
  3. Analysis & Synthesis Settings
  4. Parallel Compilation
  5. Analysis & Synthesis Source Files Read
  6. Analysis & Synthesis Resource Usage Summary
  7. Analysis & Synthesis Resource Utilization by Entity
  8. User-Specified and Inferred Latches
  9. Registers Removed During Synthesis
 10. General Register Statistics
 11. Multiplexer Restructuring Statistics (Restructuring Performed)
 12. Parameter Settings for User Entity Instance: BUSMUX:inst24
 13. Parameter Settings for User Entity Instance: registerfile:inst|BUSMUX:inst19
 14. Parameter Settings for User Entity Instance: BUSMUX:inst8
 15. Parameter Settings for User Entity Instance: BUSMUX:inst13
 16. Parameter Settings for User Entity Instance: BUSMUX:inst9
 17. Post-Synthesis Netlist Statistics for Top Partition
 18. Elapsed Time Per Partition
 19. Analysis & Synthesis Messages



----------------
; Legal Notice ;
----------------
Copyright (C) 2018  Intel Corporation. All rights reserved.
Your use of Intel Corporation's design tools, logic functions 
and other software and tools, and its AMPP partner logic 
functions, and any output files from any of the foregoing 
(including device programming or simulation files), and any 
associated documentation or information are expressly subject 
to the terms and conditions of the Intel Program License 
Subscription Agreement, the Intel Quartus Prime License Agreement,
the Intel FPGA IP License Agreement, or other applicable license
agreement, including, without limitation, that your use is for
the sole purpose of programming logic devices manufactured by
Intel and sold by Intel or its authorized distributors.  Please
refer to the applicable agreement for further details.



+--------------------------------------------------------------------------------------+
; Analysis & Synthesis Summary                                                         ;
+------------------------------------+-------------------------------------------------+
; Analysis & Synthesis Status        ; Successful - Thu Dec 06 17:11:58 2018           ;
; Quartus Prime Version              ; 18.0.0 Build 614 04/24/2018 SJ Standard Edition ;
; Revision Name                      ; newfinal                                        ;
; Top-level Entity Name              ; newfinal                                        ;
; Family                             ; Cyclone IV E                                    ;
; Total logic elements               ; 199                                             ;
;     Total combinational functions  ; 183                                             ;
;     Dedicated logic registers      ; 91                                              ;
; Total registers                    ; 91                                              ;
; Total pins                         ; 50                                              ;
; Total virtual pins                 ; 0                                               ;
; Total memory bits                  ; 0                                               ;
; Embedded Multiplier 9-bit elements ; 0                                               ;
; Total PLLs                         ; 0                                               ;
+------------------------------------+-------------------------------------------------+


+------------------------------------------------------------------------------------------------------------+
; Analysis & Synthesis Settings                                                                              ;
+------------------------------------------------------------------+--------------------+--------------------+
; Option                                                           ; Setting            ; Default Value      ;
+------------------------------------------------------------------+--------------------+--------------------+
; Device                                                           ; EP4CE115F29C7      ;                    ;
; Top-level entity name                                            ; newfinal           ; newfinal           ;
; Family name                                                      ; Cyclone IV E       ; Cyclone V          ;
; Use smart compilation                                            ; Off                ; Off                ;
; Enable parallel Assembler and Timing Analyzer during compilation ; On                 ; On                 ;
; Enable compact report table                                      ; Off                ; Off                ;
; Restructure Multiplexers                                         ; Auto               ; Auto               ;
; Create Debugging Nodes for IP Cores                              ; Off                ; Off                ;
; Preserve fewer node names                                        ; On                 ; On                 ;
; Intel FPGA IP Evaluation Mode                                    ; Enable             ; Enable             ;
; Verilog Version                                                  ; Verilog_2001       ; Verilog_2001       ;
; VHDL Version                                                     ; VHDL_1993          ; VHDL_1993          ;
; State Machine Processing                                         ; Auto               ; Auto               ;
; Safe State Machine                                               ; Off                ; Off                ;
; Extract Verilog State Machines                                   ; On                 ; On                 ;
; Extract VHDL State Machines                                      ; On                 ; On                 ;
; Ignore Verilog initial constructs                                ; Off                ; Off                ;
; Iteration limit for constant Verilog loops                       ; 5000               ; 5000               ;
; Iteration limit for non-constant Verilog loops                   ; 250                ; 250                ;
; Add Pass-Through Logic to Inferred RAMs                          ; On                 ; On                 ;
; Infer RAMs from Raw Logic                                        ; On                 ; On                 ;
; Parallel Synthesis                                               ; On                 ; On                 ;
; DSP Block Balancing                                              ; Auto               ; Auto               ;
; NOT Gate Push-Back                                               ; On                 ; On                 ;
; Power-Up Don't Care                                              ; On                 ; On                 ;
; Remove Redundant Logic Cells                                     ; Off                ; Off                ;
; Remove Duplicate Registers                                       ; On                 ; On                 ;
; Ignore CARRY Buffers                                             ; Off                ; Off                ;
; Ignore CASCADE Buffers                                           ; Off                ; Off                ;
; Ignore GLOBAL Buffers                                            ; Off                ; Off                ;
; Ignore ROW GLOBAL Buffers                                        ; Off                ; Off                ;
; Ignore LCELL Buffers                                             ; Off                ; Off                ;
; Ignore SOFT Buffers                                              ; On                 ; On                 ;
; Limit AHDL Integers to 32 Bits                                   ; Off                ; Off                ;
; Optimization Technique                                           ; Balanced           ; Balanced           ;
; Carry Chain Length                                               ; 70                 ; 70                 ;
; Auto Carry Chains                                                ; On                 ; On                 ;
; Auto Open-Drain Pins                                             ; On                 ; On                 ;
; Perform WYSIWYG Primitive Resynthesis                            ; Off                ; Off                ;
; Auto ROM Replacement                                             ; On                 ; On                 ;
; Auto RAM Replacement                                             ; On                 ; On                 ;
; Auto DSP Block Replacement                                       ; On                 ; On                 ;
; Auto Shift Register Replacement                                  ; Auto               ; Auto               ;
; Allow Shift Register Merging across Hierarchies                  ; Auto               ; Auto               ;
; Auto Clock Enable Replacement                                    ; On                 ; On                 ;
; Strict RAM Replacement                                           ; Off                ; Off                ;
; Allow Synchronous Control Signals                                ; On                 ; On                 ;
; Force Use of Synchronous Clear Signals                           ; Off                ; Off                ;
; Auto RAM Block Balancing                                         ; On                 ; On                 ;
; Auto RAM to Logic Cell Conversion                                ; Off                ; Off                ;
; Auto Resource Sharing                                            ; Off                ; Off                ;
; Allow Any RAM Size For Recognition                               ; Off                ; Off                ;
; Allow Any ROM Size For Recognition                               ; Off                ; Off                ;
; Allow Any Shift Register Size For Recognition                    ; Off                ; Off                ;
; Use LogicLock Constraints during Resource Balancing              ; On                 ; On                 ;
; Ignore translate_off and synthesis_off directives                ; Off                ; Off                ;
; Timing-Driven Synthesis                                          ; On                 ; On                 ;
; Report Parameter Settings                                        ; On                 ; On                 ;
; Report Source Assignments                                        ; On                 ; On                 ;
; Report Connectivity Checks                                       ; On                 ; On                 ;
; Ignore Maximum Fan-Out Assignments                               ; Off                ; Off                ;
; Synchronization Register Chain Length                            ; 2                  ; 2                  ;
; Power Optimization During Synthesis                              ; Normal compilation ; Normal compilation ;
; HDL message level                                                ; Level2             ; Level2             ;
; Suppress Register Optimization Related Messages                  ; Off                ; Off                ;
; Number of Removed Registers Reported in Synthesis Report         ; 5000               ; 5000               ;
; Number of Swept Nodes Reported in Synthesis Report               ; 5000               ; 5000               ;
; Number of Inverted Registers Reported in Synthesis Report        ; 100                ; 100                ;
; Clock MUX Protection                                             ; On                 ; On                 ;
; Auto Gated Clock Conversion                                      ; Off                ; Off                ;
; Block Design Naming                                              ; Auto               ; Auto               ;
; SDC constraint protection                                        ; Off                ; Off                ;
; Synthesis Effort                                                 ; Auto               ; Auto               ;
; Shift Register Replacement - Allow Asynchronous Clear Signal     ; On                 ; On                 ;
; Pre-Mapping Resynthesis Optimization                             ; Off                ; Off                ;
; Analysis & Synthesis Message Level                               ; Medium             ; Medium             ;
; Disable Register Merging Across Hierarchies                      ; Auto               ; Auto               ;
; Resource Aware Inference For Block RAM                           ; On                 ; On                 ;
+------------------------------------------------------------------+--------------------+--------------------+


+------------------------------------------+
; Parallel Compilation                     ;
+----------------------------+-------------+
; Processors                 ; Number      ;
+----------------------------+-------------+
; Number detected on machine ; 8           ;
; Maximum allowed            ; 4           ;
;                            ;             ;
; Average used               ; 1.00        ;
; Maximum used               ; 4           ;
;                            ;             ;
; Usage by Processor         ; % Time Used ;
;     Processor 1            ; 100.0%      ;
;     Processors 2-4         ;   0.0%      ;
+----------------------------+-------------+


+-----------------------------------------------------------------------------------------------------------------------------------------------------------------------------------+
; Analysis & Synthesis Source Files Read                                                                                                                                            ;
+----------------------------------+-----------------+------------------------------------------+-------------------------------------------------------------------------+---------+
; File Name with User-Entered Path ; Used in Netlist ; File Type                                ; File Name with Absolute Path                                            ; Library ;
+----------------------------------+-----------------+------------------------------------------+-------------------------------------------------------------------------+---------+
; newfinal.bdf                     ; yes             ; User Block Diagram/Schematic File        ; U:/CPRE281/newfinal/newfinal.bdf                                        ;         ;
; seven_seg_decoder.v              ; yes             ; Auto-Found Verilog HDL File              ; U:/CPRE281/newfinal/seven_seg_decoder.v                                 ;         ;
; busmux.tdf                       ; yes             ; Megafunction                             ; c:/altera/intelfpga/18.0/quartus/libraries/megafunctions/busmux.tdf     ;         ;
; lpm_mux.inc                      ; yes             ; Megafunction                             ; c:/altera/intelfpga/18.0/quartus/libraries/megafunctions/lpm_mux.inc    ;         ;
; lpm_mux.tdf                      ; yes             ; Megafunction                             ; c:/altera/intelfpga/18.0/quartus/libraries/megafunctions/lpm_mux.tdf    ;         ;
; aglobal180.inc                   ; yes             ; Megafunction                             ; c:/altera/intelfpga/18.0/quartus/libraries/megafunctions/aglobal180.inc ;         ;
; muxlut.inc                       ; yes             ; Megafunction                             ; c:/altera/intelfpga/18.0/quartus/libraries/megafunctions/muxlut.inc     ;         ;
; bypassff.inc                     ; yes             ; Megafunction                             ; c:/altera/intelfpga/18.0/quartus/libraries/megafunctions/bypassff.inc   ;         ;
; altshift.inc                     ; yes             ; Megafunction                             ; c:/altera/intelfpga/18.0/quartus/libraries/megafunctions/altshift.inc   ;         ;
; db/mux_erc.tdf                   ; yes             ; Auto-Generated Megafunction              ; U:/CPRE281/newfinal/db/mux_erc.tdf                                      ;         ;
; sixteenbitstotwoeightbits.v      ; yes             ; Auto-Found Verilog HDL File              ; U:/CPRE281/newfinal/sixteenbitstotwoeightbits.v                         ;         ;
; eightbitsto16bit.v               ; yes             ; Auto-Found Verilog HDL File              ; U:/CPRE281/newfinal/eightbitsto16bit.v                                  ;         ;
; registerfile.bdf                 ; yes             ; Auto-Found Block Diagram/Schematic File  ; U:/CPRE281/newfinal/registerfile.bdf                                    ;         ;
; register.bdf                     ; yes             ; Auto-Found Block Diagram/Schematic File  ; U:/CPRE281/newfinal/register.bdf                                        ;         ;
; 21mux.bdf                        ; yes             ; Megafunction                             ; c:/altera/intelfpga/18.0/quartus/libraries/others/maxplus2/21mux.bdf    ;         ;
; decoder2to4.v                    ; yes             ; Auto-Found Verilog HDL File              ; U:/CPRE281/newfinal/decoder2to4.v                                       ;         ;
; 8bitregister.bdf                 ; yes             ; Auto-Found Block Diagram/Schematic File  ; U:/CPRE281/newfinal/8bitregister.bdf                                    ;         ;
; mux4to1withen.v                  ; yes             ; Auto-Found Verilog HDL File              ; U:/CPRE281/newfinal/mux4to1withen.v                                     ;         ;
; ctrlreadandwrite.v               ; yes             ; Auto-Found Verilog HDL File              ; U:/CPRE281/newfinal/ctrlreadandwrite.v                                  ;         ;
; decoder3to8.v                    ; yes             ; Auto-Found Verilog HDL File              ; U:/CPRE281/newfinal/decoder3to8.v                                       ;         ;
; finitestatemachine.bdf           ; yes             ; Auto-Found Block Diagram/Schematic File  ; U:/CPRE281/newfinal/finitestatemachine.bdf                              ;         ;
; finitestatemachinealgorithm.v    ; yes             ; Auto-Found Verilog HDL File              ; U:/CPRE281/newfinal/finitestatemachinealgorithm.v                       ;         ;
; counter.bdf                      ; yes             ; Auto-Found Block Diagram/Schematic File  ; U:/CPRE281/newfinal/counter.bdf                                         ;         ;
; clock_generator.bdf              ; yes             ; Auto-Found Block Diagram/Schematic File  ; U:/CPRE281/newfinal/clock_generator.bdf                                 ;         ;
; clock_divider_1024.bdf           ; yes             ; Auto-Found Block Diagram/Schematic File  ; U:/CPRE281/newfinal/clock_divider_1024.bdf                              ;         ;
; 17b_parallel_shift.bdf           ; yes             ; Auto-Found Block Diagram/Schematic File  ; U:/CPRE281/newfinal/17b_parallel_shift.bdf                              ;         ;
; db/mux_tsc.tdf                   ; yes             ; Auto-Generated Megafunction              ; U:/CPRE281/newfinal/db/mux_tsc.tdf                                      ;         ;
; adderorsub.bdf                   ; yes             ; Auto-Found Block Diagram/Schematic File  ; U:/CPRE281/newfinal/adderorsub.bdf                                      ;         ;
; fulladder.bdf                    ; yes             ; Auto-Found Block Diagram/Schematic File  ; U:/CPRE281/newfinal/fulladder.bdf                                       ;         ;
+----------------------------------+-----------------+------------------------------------------+-------------------------------------------------------------------------+---------+


+-----------------------------------------------------------+
; Analysis & Synthesis Resource Usage Summary               ;
+---------------------------------------------+-------------+
; Resource                                    ; Usage       ;
+---------------------------------------------+-------------+
; Estimated Total logic elements              ; 199         ;
;                                             ;             ;
; Total combinational functions               ; 183         ;
; Logic element usage by number of LUT inputs ;             ;
;     -- 4 input functions                    ; 75          ;
;     -- 3 input functions                    ; 67          ;
;     -- <=2 input functions                  ; 41          ;
;                                             ;             ;
; Logic elements by mode                      ;             ;
;     -- normal mode                          ; 183         ;
;     -- arithmetic mode                      ; 0           ;
;                                             ;             ;
; Total registers                             ; 91          ;
;     -- Dedicated logic registers            ; 91          ;
;     -- I/O registers                        ; 0           ;
;                                             ;             ;
; I/O pins                                    ; 50          ;
;                                             ;             ;
; Embedded Multiplier 9-bit elements          ; 0           ;
;                                             ;             ;
; Maximum fan-out node                        ; reset~input ;
; Maximum fan-out                             ; 64          ;
; Total fan-out                               ; 946         ;
; Average fan-out                             ; 2.53        ;
+---------------------------------------------+-------------+


+----------------------------------------------------------------------------------------------------------------------------------------------------------------------------------------------------------------------------------------------------------------------------------------------+
; Analysis & Synthesis Resource Utilization by Entity                                                                                                                                                                                                                                          ;
+------------------------------------------+---------------------+---------------------------+-------------+--------------+---------+-----------+------+--------------+---------------------------------------------------------------------------+-----------------------------+--------------+
; Compilation Hierarchy Node               ; Combinational ALUTs ; Dedicated Logic Registers ; Memory Bits ; DSP Elements ; DSP 9x9 ; DSP 18x18 ; Pins ; Virtual Pins ; Full Hierarchy Name                                                       ; Entity Name                 ; Library Name ;
+------------------------------------------+---------------------+---------------------------+-------------+--------------+---------+-----------+------+--------------+---------------------------------------------------------------------------+-----------------------------+--------------+
; |newfinal                                ; 183 (1)             ; 91 (0)                    ; 0           ; 0            ; 0       ; 0         ; 50   ; 0            ; |newfinal                                                                 ; newfinal                    ; work         ;
;    |17b_Parallel_Shift:inst29|           ; 0 (0)               ; 16 (16)                   ; 0           ; 0            ; 0       ; 0         ; 0    ; 0            ; |newfinal|17b_Parallel_Shift:inst29                                       ; 17b_Parallel_Shift          ; work         ;
;    |21mux:inst21|                        ; 1 (1)               ; 0 (0)                     ; 0           ; 0            ; 0       ; 0         ; 0    ; 0            ; |newfinal|21mux:inst21                                                    ; 21mux                       ; work         ;
;    |8bitregister:inst14|                 ; 0 (0)               ; 8 (0)                     ; 0           ; 0            ; 0       ; 0         ; 0    ; 0            ; |newfinal|8bitregister:inst14                                             ; 8bitregister                ; work         ;
;       |register:inst1|                   ; 0 (0)               ; 1 (1)                     ; 0           ; 0            ; 0       ; 0         ; 0    ; 0            ; |newfinal|8bitregister:inst14|register:inst1                              ; register                    ; work         ;
;       |register:inst2|                   ; 0 (0)               ; 1 (1)                     ; 0           ; 0            ; 0       ; 0         ; 0    ; 0            ; |newfinal|8bitregister:inst14|register:inst2                              ; register                    ; work         ;
;       |register:inst3|                   ; 0 (0)               ; 1 (1)                     ; 0           ; 0            ; 0       ; 0         ; 0    ; 0            ; |newfinal|8bitregister:inst14|register:inst3                              ; register                    ; work         ;
;       |register:inst4|                   ; 0 (0)               ; 1 (1)                     ; 0           ; 0            ; 0       ; 0         ; 0    ; 0            ; |newfinal|8bitregister:inst14|register:inst4                              ; register                    ; work         ;
;       |register:inst5|                   ; 0 (0)               ; 1 (1)                     ; 0           ; 0            ; 0       ; 0         ; 0    ; 0            ; |newfinal|8bitregister:inst14|register:inst5                              ; register                    ; work         ;
;       |register:inst6|                   ; 0 (0)               ; 1 (1)                     ; 0           ; 0            ; 0       ; 0         ; 0    ; 0            ; |newfinal|8bitregister:inst14|register:inst6                              ; register                    ; work         ;
;       |register:inst7|                   ; 0 (0)               ; 1 (1)                     ; 0           ; 0            ; 0       ; 0         ; 0    ; 0            ; |newfinal|8bitregister:inst14|register:inst7                              ; register                    ; work         ;
;       |register:inst|                    ; 0 (0)               ; 1 (1)                     ; 0           ; 0            ; 0       ; 0         ; 0    ; 0            ; |newfinal|8bitregister:inst14|register:inst                               ; register                    ; work         ;
;    |Decoder3to8:inst3|                   ; 3 (3)               ; 0 (0)                     ; 0           ; 0            ; 0       ; 0         ; 0    ; 0            ; |newfinal|Decoder3to8:inst3                                               ; Decoder3to8                 ; work         ;
;    |adderOrSub:inst36|                   ; 22 (6)              ; 0 (0)                     ; 0           ; 0            ; 0       ; 0         ; 0    ; 0            ; |newfinal|adderOrSub:inst36                                               ; adderOrSub                  ; work         ;
;       |fulladder:inst12|                 ; 2 (2)               ; 0 (0)                     ; 0           ; 0            ; 0       ; 0         ; 0    ; 0            ; |newfinal|adderOrSub:inst36|fulladder:inst12                              ; fulladder                   ; work         ;
;       |fulladder:inst13|                 ; 2 (2)               ; 0 (0)                     ; 0           ; 0            ; 0       ; 0         ; 0    ; 0            ; |newfinal|adderOrSub:inst36|fulladder:inst13                              ; fulladder                   ; work         ;
;       |fulladder:inst14|                 ; 2 (2)               ; 0 (0)                     ; 0           ; 0            ; 0       ; 0         ; 0    ; 0            ; |newfinal|adderOrSub:inst36|fulladder:inst14                              ; fulladder                   ; work         ;
;       |fulladder:inst15|                 ; 1 (1)               ; 0 (0)                     ; 0           ; 0            ; 0       ; 0         ; 0    ; 0            ; |newfinal|adderOrSub:inst36|fulladder:inst15                              ; fulladder                   ; work         ;
;       |fulladder:inst16|                 ; 2 (2)               ; 0 (0)                     ; 0           ; 0            ; 0       ; 0         ; 0    ; 0            ; |newfinal|adderOrSub:inst36|fulladder:inst16                              ; fulladder                   ; work         ;
;       |fulladder:inst17|                 ; 2 (2)               ; 0 (0)                     ; 0           ; 0            ; 0       ; 0         ; 0    ; 0            ; |newfinal|adderOrSub:inst36|fulladder:inst17                              ; fulladder                   ; work         ;
;       |fulladder:inst18|                 ; 3 (3)               ; 0 (0)                     ; 0           ; 0            ; 0       ; 0         ; 0    ; 0            ; |newfinal|adderOrSub:inst36|fulladder:inst18                              ; fulladder                   ; work         ;
;       |fulladder:inst|                   ; 2 (2)               ; 0 (0)                     ; 0           ; 0            ; 0       ; 0         ; 0    ; 0            ; |newfinal|adderOrSub:inst36|fulladder:inst                                ; fulladder                   ; work         ;
;    |busmux:inst24|                       ; 8 (0)               ; 0 (0)                     ; 0           ; 0            ; 0       ; 0         ; 0    ; 0            ; |newfinal|busmux:inst24                                                   ; busmux                      ; work         ;
;       |lpm_mux:$00000|                   ; 8 (0)               ; 0 (0)                     ; 0           ; 0            ; 0       ; 0         ; 0    ; 0            ; |newfinal|busmux:inst24|lpm_mux:$00000                                    ; lpm_mux                     ; work         ;
;          |mux_erc:auto_generated|        ; 8 (8)               ; 0 (0)                     ; 0           ; 0            ; 0       ; 0         ; 0    ; 0            ; |newfinal|busmux:inst24|lpm_mux:$00000|mux_erc:auto_generated             ; mux_erc                     ; work         ;
;    |busmux:inst8|                        ; 17 (0)              ; 0 (0)                     ; 0           ; 0            ; 0       ; 0         ; 0    ; 0            ; |newfinal|busmux:inst8                                                    ; busmux                      ; work         ;
;       |lpm_mux:$00000|                   ; 17 (0)              ; 0 (0)                     ; 0           ; 0            ; 0       ; 0         ; 0    ; 0            ; |newfinal|busmux:inst8|lpm_mux:$00000                                     ; lpm_mux                     ; work         ;
;          |mux_tsc:auto_generated|        ; 17 (17)             ; 0 (0)                     ; 0           ; 0            ; 0       ; 0         ; 0    ; 0            ; |newfinal|busmux:inst8|lpm_mux:$00000|mux_tsc:auto_generated              ; mux_tsc                     ; work         ;
;    |busmux:inst9|                        ; 1 (0)               ; 0 (0)                     ; 0           ; 0            ; 0       ; 0         ; 0    ; 0            ; |newfinal|busmux:inst9                                                    ; busmux                      ; work         ;
;       |lpm_mux:$00000|                   ; 1 (0)               ; 0 (0)                     ; 0           ; 0            ; 0       ; 0         ; 0    ; 0            ; |newfinal|busmux:inst9|lpm_mux:$00000                                     ; lpm_mux                     ; work         ;
;          |mux_tsc:auto_generated|        ; 1 (1)               ; 0 (0)                     ; 0           ; 0            ; 0       ; 0         ; 0    ; 0            ; |newfinal|busmux:inst9|lpm_mux:$00000|mux_tsc:auto_generated              ; mux_tsc                     ; work         ;
;    |clock_generator:inst5|               ; 33 (8)              ; 27 (7)                    ; 0           ; 0            ; 0       ; 0         ; 0    ; 0            ; |newfinal|clock_generator:inst5                                           ; clock_generator             ; work         ;
;       |clock_divider_1024:inst8|         ; 12 (12)             ; 10 (10)                   ; 0           ; 0            ; 0       ; 0         ; 0    ; 0            ; |newfinal|clock_generator:inst5|clock_divider_1024:inst8                  ; clock_divider_1024          ; work         ;
;       |clock_divider_1024:inst|          ; 13 (13)             ; 10 (10)                   ; 0           ; 0            ; 0       ; 0         ; 0    ; 0            ; |newfinal|clock_generator:inst5|clock_divider_1024:inst                   ; clock_divider_1024          ; work         ;
;    |counter:inst34|                      ; 6 (5)               ; 4 (4)                     ; 0           ; 0            ; 0       ; 0         ; 0    ; 0            ; |newfinal|counter:inst34                                                  ; counter                     ; work         ;
;       |21mux:inst|                       ; 1 (1)               ; 0 (0)                     ; 0           ; 0            ; 0       ; 0         ; 0    ; 0            ; |newfinal|counter:inst34|21mux:inst                                       ; 21mux                       ; work         ;
;    |ctrlreadandwrite:inst48|             ; 14 (14)             ; 0 (0)                     ; 0           ; 0            ; 0       ; 0         ; 0    ; 0            ; |newfinal|ctrlreadandwrite:inst48                                         ; ctrlreadandwrite            ; work         ;
;    |finitestatemachine:inst2|            ; 4 (0)               ; 3 (3)                     ; 0           ; 0            ; 0       ; 0         ; 0    ; 0            ; |newfinal|finitestatemachine:inst2                                        ; finitestatemachine          ; work         ;
;       |finitestatemachinealgorithm:inst| ; 4 (4)               ; 0 (0)                     ; 0           ; 0            ; 0       ; 0         ; 0    ; 0            ; |newfinal|finitestatemachine:inst2|finitestatemachinealgorithm:inst       ; finitestatemachinealgorithm ; work         ;
;    |registerfile:inst|                   ; 59 (1)              ; 33 (0)                    ; 0           ; 0            ; 0       ; 0         ; 0    ; 0            ; |newfinal|registerfile:inst                                               ; registerfile                ; work         ;
;       |8bitregister:inst5|               ; 0 (0)               ; 8 (0)                     ; 0           ; 0            ; 0       ; 0         ; 0    ; 0            ; |newfinal|registerfile:inst|8bitregister:inst5                            ; 8bitregister                ; work         ;
;          |register:inst1|                ; 0 (0)               ; 1 (1)                     ; 0           ; 0            ; 0       ; 0         ; 0    ; 0            ; |newfinal|registerfile:inst|8bitregister:inst5|register:inst1             ; register                    ; work         ;
;          |register:inst2|                ; 0 (0)               ; 1 (1)                     ; 0           ; 0            ; 0       ; 0         ; 0    ; 0            ; |newfinal|registerfile:inst|8bitregister:inst5|register:inst2             ; register                    ; work         ;
;          |register:inst3|                ; 0 (0)               ; 1 (1)                     ; 0           ; 0            ; 0       ; 0         ; 0    ; 0            ; |newfinal|registerfile:inst|8bitregister:inst5|register:inst3             ; register                    ; work         ;
;          |register:inst4|                ; 0 (0)               ; 1 (1)                     ; 0           ; 0            ; 0       ; 0         ; 0    ; 0            ; |newfinal|registerfile:inst|8bitregister:inst5|register:inst4             ; register                    ; work         ;
;          |register:inst5|                ; 0 (0)               ; 1 (1)                     ; 0           ; 0            ; 0       ; 0         ; 0    ; 0            ; |newfinal|registerfile:inst|8bitregister:inst5|register:inst5             ; register                    ; work         ;
;          |register:inst6|                ; 0 (0)               ; 1 (1)                     ; 0           ; 0            ; 0       ; 0         ; 0    ; 0            ; |newfinal|registerfile:inst|8bitregister:inst5|register:inst6             ; register                    ; work         ;
;          |register:inst7|                ; 0 (0)               ; 1 (1)                     ; 0           ; 0            ; 0       ; 0         ; 0    ; 0            ; |newfinal|registerfile:inst|8bitregister:inst5|register:inst7             ; register                    ; work         ;
;          |register:inst|                 ; 0 (0)               ; 1 (1)                     ; 0           ; 0            ; 0       ; 0         ; 0    ; 0            ; |newfinal|registerfile:inst|8bitregister:inst5|register:inst              ; register                    ; work         ;
;       |8bitregister:inst6|               ; 8 (0)               ; 8 (0)                     ; 0           ; 0            ; 0       ; 0         ; 0    ; 0            ; |newfinal|registerfile:inst|8bitregister:inst6                            ; 8bitregister                ; work         ;
;          |register:inst1|                ; 1 (0)               ; 1 (1)                     ; 0           ; 0            ; 0       ; 0         ; 0    ; 0            ; |newfinal|registerfile:inst|8bitregister:inst6|register:inst1             ; register                    ; work         ;
;             |21mux:inst1|                ; 1 (1)               ; 0 (0)                     ; 0           ; 0            ; 0       ; 0         ; 0    ; 0            ; |newfinal|registerfile:inst|8bitregister:inst6|register:inst1|21mux:inst1 ; 21mux                       ; work         ;
;          |register:inst2|                ; 1 (0)               ; 1 (1)                     ; 0           ; 0            ; 0       ; 0         ; 0    ; 0            ; |newfinal|registerfile:inst|8bitregister:inst6|register:inst2             ; register                    ; work         ;
;             |21mux:inst1|                ; 1 (1)               ; 0 (0)                     ; 0           ; 0            ; 0       ; 0         ; 0    ; 0            ; |newfinal|registerfile:inst|8bitregister:inst6|register:inst2|21mux:inst1 ; 21mux                       ; work         ;
;          |register:inst3|                ; 1 (0)               ; 1 (1)                     ; 0           ; 0            ; 0       ; 0         ; 0    ; 0            ; |newfinal|registerfile:inst|8bitregister:inst6|register:inst3             ; register                    ; work         ;
;             |21mux:inst1|                ; 1 (1)               ; 0 (0)                     ; 0           ; 0            ; 0       ; 0         ; 0    ; 0            ; |newfinal|registerfile:inst|8bitregister:inst6|register:inst3|21mux:inst1 ; 21mux                       ; work         ;
;          |register:inst4|                ; 1 (0)               ; 1 (1)                     ; 0           ; 0            ; 0       ; 0         ; 0    ; 0            ; |newfinal|registerfile:inst|8bitregister:inst6|register:inst4             ; register                    ; work         ;
;             |21mux:inst1|                ; 1 (1)               ; 0 (0)                     ; 0           ; 0            ; 0       ; 0         ; 0    ; 0            ; |newfinal|registerfile:inst|8bitregister:inst6|register:inst4|21mux:inst1 ; 21mux                       ; work         ;
;          |register:inst5|                ; 1 (0)               ; 1 (1)                     ; 0           ; 0            ; 0       ; 0         ; 0    ; 0            ; |newfinal|registerfile:inst|8bitregister:inst6|register:inst5             ; register                    ; work         ;
;             |21mux:inst1|                ; 1 (1)               ; 0 (0)                     ; 0           ; 0            ; 0       ; 0         ; 0    ; 0            ; |newfinal|registerfile:inst|8bitregister:inst6|register:inst5|21mux:inst1 ; 21mux                       ; work         ;
;          |register:inst6|                ; 1 (0)               ; 1 (1)                     ; 0           ; 0            ; 0       ; 0         ; 0    ; 0            ; |newfinal|registerfile:inst|8bitregister:inst6|register:inst6             ; register                    ; work         ;
;             |21mux:inst1|                ; 1 (1)               ; 0 (0)                     ; 0           ; 0            ; 0       ; 0         ; 0    ; 0            ; |newfinal|registerfile:inst|8bitregister:inst6|register:inst6|21mux:inst1 ; 21mux                       ; work         ;
;          |register:inst7|                ; 1 (0)               ; 1 (1)                     ; 0           ; 0            ; 0       ; 0         ; 0    ; 0            ; |newfinal|registerfile:inst|8bitregister:inst6|register:inst7             ; register                    ; work         ;
;             |21mux:inst1|                ; 1 (1)               ; 0 (0)                     ; 0           ; 0            ; 0       ; 0         ; 0    ; 0            ; |newfinal|registerfile:inst|8bitregister:inst6|register:inst7|21mux:inst1 ; 21mux                       ; work         ;
;          |register:inst|                 ; 1 (0)               ; 1 (1)                     ; 0           ; 0            ; 0       ; 0         ; 0    ; 0            ; |newfinal|registerfile:inst|8bitregister:inst6|register:inst              ; register                    ; work         ;
;             |21mux:inst1|                ; 1 (1)               ; 0 (0)                     ; 0           ; 0            ; 0       ; 0         ; 0    ; 0            ; |newfinal|registerfile:inst|8bitregister:inst6|register:inst|21mux:inst1  ; 21mux                       ; work         ;
;       |8bitregister:inst7|               ; 8 (0)               ; 8 (0)                     ; 0           ; 0            ; 0       ; 0         ; 0    ; 0            ; |newfinal|registerfile:inst|8bitregister:inst7                            ; 8bitregister                ; work         ;
;          |register:inst1|                ; 1 (0)               ; 1 (1)                     ; 0           ; 0            ; 0       ; 0         ; 0    ; 0            ; |newfinal|registerfile:inst|8bitregister:inst7|register:inst1             ; register                    ; work         ;
;             |21mux:inst1|                ; 1 (1)               ; 0 (0)                     ; 0           ; 0            ; 0       ; 0         ; 0    ; 0            ; |newfinal|registerfile:inst|8bitregister:inst7|register:inst1|21mux:inst1 ; 21mux                       ; work         ;
;          |register:inst2|                ; 1 (0)               ; 1 (1)                     ; 0           ; 0            ; 0       ; 0         ; 0    ; 0            ; |newfinal|registerfile:inst|8bitregister:inst7|register:inst2             ; register                    ; work         ;
;             |21mux:inst1|                ; 1 (1)               ; 0 (0)                     ; 0           ; 0            ; 0       ; 0         ; 0    ; 0            ; |newfinal|registerfile:inst|8bitregister:inst7|register:inst2|21mux:inst1 ; 21mux                       ; work         ;
;          |register:inst3|                ; 1 (0)               ; 1 (1)                     ; 0           ; 0            ; 0       ; 0         ; 0    ; 0            ; |newfinal|registerfile:inst|8bitregister:inst7|register:inst3             ; register                    ; work         ;
;             |21mux:inst1|                ; 1 (1)               ; 0 (0)                     ; 0           ; 0            ; 0       ; 0         ; 0    ; 0            ; |newfinal|registerfile:inst|8bitregister:inst7|register:inst3|21mux:inst1 ; 21mux                       ; work         ;
;          |register:inst4|                ; 1 (0)               ; 1 (1)                     ; 0           ; 0            ; 0       ; 0         ; 0    ; 0            ; |newfinal|registerfile:inst|8bitregister:inst7|register:inst4             ; register                    ; work         ;
;             |21mux:inst1|                ; 1 (1)               ; 0 (0)                     ; 0           ; 0            ; 0       ; 0         ; 0    ; 0            ; |newfinal|registerfile:inst|8bitregister:inst7|register:inst4|21mux:inst1 ; 21mux                       ; work         ;
;          |register:inst5|                ; 1 (0)               ; 1 (1)                     ; 0           ; 0            ; 0       ; 0         ; 0    ; 0            ; |newfinal|registerfile:inst|8bitregister:inst7|register:inst5             ; register                    ; work         ;
;             |21mux:inst1|                ; 1 (1)               ; 0 (0)                     ; 0           ; 0            ; 0       ; 0         ; 0    ; 0            ; |newfinal|registerfile:inst|8bitregister:inst7|register:inst5|21mux:inst1 ; 21mux                       ; work         ;
;          |register:inst6|                ; 1 (0)               ; 1 (1)                     ; 0           ; 0            ; 0       ; 0         ; 0    ; 0            ; |newfinal|registerfile:inst|8bitregister:inst7|register:inst6             ; register                    ; work         ;
;             |21mux:inst1|                ; 1 (1)               ; 0 (0)                     ; 0           ; 0            ; 0       ; 0         ; 0    ; 0            ; |newfinal|registerfile:inst|8bitregister:inst7|register:inst6|21mux:inst1 ; 21mux                       ; work         ;
;          |register:inst7|                ; 1 (0)               ; 1 (1)                     ; 0           ; 0            ; 0       ; 0         ; 0    ; 0            ; |newfinal|registerfile:inst|8bitregister:inst7|register:inst7             ; register                    ; work         ;
;             |21mux:inst1|                ; 1 (1)               ; 0 (0)                     ; 0           ; 0            ; 0       ; 0         ; 0    ; 0            ; |newfinal|registerfile:inst|8bitregister:inst7|register:inst7|21mux:inst1 ; 21mux                       ; work         ;
;          |register:inst|                 ; 1 (0)               ; 1 (1)                     ; 0           ; 0            ; 0       ; 0         ; 0    ; 0            ; |newfinal|registerfile:inst|8bitregister:inst7|register:inst              ; register                    ; work         ;
;             |21mux:inst1|                ; 1 (1)               ; 0 (0)                     ; 0           ; 0            ; 0       ; 0         ; 0    ; 0            ; |newfinal|registerfile:inst|8bitregister:inst7|register:inst|21mux:inst1  ; 21mux                       ; work         ;
;       |8bitregister:inst|                ; 0 (0)               ; 8 (0)                     ; 0           ; 0            ; 0       ; 0         ; 0    ; 0            ; |newfinal|registerfile:inst|8bitregister:inst                             ; 8bitregister                ; work         ;
;          |register:inst1|                ; 0 (0)               ; 1 (1)                     ; 0           ; 0            ; 0       ; 0         ; 0    ; 0            ; |newfinal|registerfile:inst|8bitregister:inst|register:inst1              ; register                    ; work         ;
;          |register:inst2|                ; 0 (0)               ; 1 (1)                     ; 0           ; 0            ; 0       ; 0         ; 0    ; 0            ; |newfinal|registerfile:inst|8bitregister:inst|register:inst2              ; register                    ; work         ;
;          |register:inst3|                ; 0 (0)               ; 1 (1)                     ; 0           ; 0            ; 0       ; 0         ; 0    ; 0            ; |newfinal|registerfile:inst|8bitregister:inst|register:inst3              ; register                    ; work         ;
;          |register:inst4|                ; 0 (0)               ; 1 (1)                     ; 0           ; 0            ; 0       ; 0         ; 0    ; 0            ; |newfinal|registerfile:inst|8bitregister:inst|register:inst4              ; register                    ; work         ;
;          |register:inst5|                ; 0 (0)               ; 1 (1)                     ; 0           ; 0            ; 0       ; 0         ; 0    ; 0            ; |newfinal|registerfile:inst|8bitregister:inst|register:inst5              ; register                    ; work         ;
;          |register:inst6|                ; 0 (0)               ; 1 (1)                     ; 0           ; 0            ; 0       ; 0         ; 0    ; 0            ; |newfinal|registerfile:inst|8bitregister:inst|register:inst6              ; register                    ; work         ;
;          |register:inst7|                ; 0 (0)               ; 1 (1)                     ; 0           ; 0            ; 0       ; 0         ; 0    ; 0            ; |newfinal|registerfile:inst|8bitregister:inst|register:inst7              ; register                    ; work         ;
;          |register:inst|                 ; 0 (0)               ; 1 (1)                     ; 0           ; 0            ; 0       ; 0         ; 0    ; 0            ; |newfinal|registerfile:inst|8bitregister:inst|register:inst               ; register                    ; work         ;
;       |mux4to1withEN:inst3|              ; 8 (8)               ; 0 (0)                     ; 0           ; 0            ; 0       ; 0         ; 0    ; 0            ; |newfinal|registerfile:inst|mux4to1withEN:inst3                           ; mux4to1withEN               ; work         ;
;       |mux4to1withEN:inst4|              ; 33 (33)             ; 0 (0)                     ; 0           ; 0            ; 0       ; 0         ; 0    ; 0            ; |newfinal|registerfile:inst|mux4to1withEN:inst4                           ; mux4to1withEN               ; work         ;
;       |register:inst10|                  ; 1 (1)               ; 1 (1)                     ; 0           ; 0            ; 0       ; 0         ; 0    ; 0            ; |newfinal|registerfile:inst|register:inst10                               ; register                    ; work         ;
;    |seven_seg_decoder:inst26|            ; 7 (7)               ; 0 (0)                     ; 0           ; 0            ; 0       ; 0         ; 0    ; 0            ; |newfinal|seven_seg_decoder:inst26                                        ; seven_seg_decoder           ; work         ;
;    |seven_seg_decoder:inst27|            ; 7 (7)               ; 0 (0)                     ; 0           ; 0            ; 0       ; 0         ; 0    ; 0            ; |newfinal|seven_seg_decoder:inst27                                        ; seven_seg_decoder           ; work         ;
+------------------------------------------+---------------------+---------------------------+-------------+--------------+---------+-----------+------+--------------+---------------------------------------------------------------------------+-----------------------------+--------------+
Note: For table entries with two numbers listed, the numbers in parentheses indicate the number of resources of the given type used by the specific entity alone. The numbers listed outside of parentheses indicate the total resources of the given type used by the specific entity and all of its sub-entities in the hierarchy.


+---------------------------------------------------------------------------------------------------+
; User-Specified and Inferred Latches                                                               ;
+----------------------------------------------------+---------------------+------------------------+
; Latch Name                                         ; Latch Enable Signal ; Free of Timing Hazards ;
+----------------------------------------------------+---------------------+------------------------+
; ctrlreadandwrite:inst48|R_EN                       ; GND                 ; yes                    ;
; ctrlreadandwrite:inst48|RQ_1                       ; GND                 ; yes                    ;
; ctrlreadandwrite:inst48|RQ_0                       ; GND                 ; yes                    ;
; ctrlreadandwrite:inst48|RP_1                       ; GND                 ; yes                    ;
; ctrlreadandwrite:inst48|WA_1                       ; GND                 ; yes                    ;
; ctrlreadandwrite:inst48|WR_En                      ; GND                 ; yes                    ;
; Number of user-specified and inferred latches = 6  ;                     ;                        ;
+----------------------------------------------------+---------------------+------------------------+
Note: All latches listed above may not be present at the end of synthesis due to various synthesis optimizations.


+------------------------------------------------------------------------------------+
; Registers Removed During Synthesis                                                 ;
+---------------------------------------+--------------------------------------------+
; Register name                         ; Reason for Removal                         ;
+---------------------------------------+--------------------------------------------+
; 17b_Parallel_Shift:inst29|inst1       ; Merged with 17b_Parallel_Shift:inst29|inst ;
; Total Number of Removed Registers = 1 ;                                            ;
+---------------------------------------+--------------------------------------------+


+------------------------------------------------------+
; General Register Statistics                          ;
+----------------------------------------------+-------+
; Statistic                                    ; Value ;
+----------------------------------------------+-------+
; Total registers                              ; 91    ;
; Number of registers using Synchronous Clear  ; 0     ;
; Number of registers using Synchronous Load   ; 0     ;
; Number of registers using Asynchronous Clear ; 64    ;
; Number of registers using Asynchronous Load  ; 0     ;
; Number of registers using Clock Enable       ; 40    ;
; Number of registers using Preset             ; 0     ;
+----------------------------------------------+-------+


+----------------------------------------------------------------------------------------------------------------------------------------------------------------------------------+
; Multiplexer Restructuring Statistics (Restructuring Performed)                                                                                                                   ;
+--------------------+-----------+---------------+----------------------+------------------------+------------+--------------------------------------------------------------------+
; Multiplexer Inputs ; Bus Width ; Baseline Area ; Area if Restructured ; Saving if Restructured ; Registered ; Example Multiplexer Output                                         ;
+--------------------+-----------+---------------+----------------------+------------------------+------------+--------------------------------------------------------------------+
; 3:1                ; 8 bits    ; 16 LEs        ; 8 LEs                ; 8 LEs                  ; Yes        ; |newfinal|registerfile:inst|8bitregister:inst7|register:inst4|inst ;
; 3:1                ; 8 bits    ; 16 LEs        ; 8 LEs                ; 8 LEs                  ; Yes        ; |newfinal|registerfile:inst|8bitregister:inst6|register:inst3|inst ;
; 6:1                ; 8 bits    ; 32 LEs        ; 24 LEs               ; 8 LEs                  ; No         ; |newfinal|registerfile:inst|mux4to1withEN:inst4|Mux0               ;
; 5:1                ; 2 bits    ; 6 LEs         ; 6 LEs                ; 0 LEs                  ; No         ; |newfinal|ctrlreadandwrite:inst48|RP_1                             ;
+--------------------+-----------+---------------+----------------------+------------------------+------------+--------------------------------------------------------------------+


+------------------------------------------------------------+
; Parameter Settings for User Entity Instance: BUSMUX:inst24 ;
+----------------+-------+-----------------------------------+
; Parameter Name ; Value ; Type                              ;
+----------------+-------+-----------------------------------+
; WIDTH          ; 8     ; Untyped                           ;
+----------------+-------+-----------------------------------+
Note: In order to hide this table in the UI and the text report file, please set the "Show Parameter Settings in Synthesis Report" option in "Analysis and Synthesis Settings -> More Settings" to "Off".


+------------------------------------------------------------------------------+
; Parameter Settings for User Entity Instance: registerfile:inst|BUSMUX:inst19 ;
+----------------+-------+-----------------------------------------------------+
; Parameter Name ; Value ; Type                                                ;
+----------------+-------+-----------------------------------------------------+
; WIDTH          ; 8     ; Untyped                                             ;
+----------------+-------+-----------------------------------------------------+
Note: In order to hide this table in the UI and the text report file, please set the "Show Parameter Settings in Synthesis Report" option in "Analysis and Synthesis Settings -> More Settings" to "Off".


+-----------------------------------------------------------+
; Parameter Settings for User Entity Instance: BUSMUX:inst8 ;
+----------------+-------+----------------------------------+
; Parameter Name ; Value ; Type                             ;
+----------------+-------+----------------------------------+
; WIDTH          ; 16    ; Untyped                          ;
+----------------+-------+----------------------------------+
Note: In order to hide this table in the UI and the text report file, please set the "Show Parameter Settings in Synthesis Report" option in "Analysis and Synthesis Settings -> More Settings" to "Off".


+------------------------------------------------------------+
; Parameter Settings for User Entity Instance: BUSMUX:inst13 ;
+----------------+-------+-----------------------------------+
; Parameter Name ; Value ; Type                              ;
+----------------+-------+-----------------------------------+
; WIDTH          ; 8     ; Untyped                           ;
+----------------+-------+-----------------------------------+
Note: In order to hide this table in the UI and the text report file, please set the "Show Parameter Settings in Synthesis Report" option in "Analysis and Synthesis Settings -> More Settings" to "Off".


+-----------------------------------------------------------+
; Parameter Settings for User Entity Instance: BUSMUX:inst9 ;
+----------------+-------+----------------------------------+
; Parameter Name ; Value ; Type                             ;
+----------------+-------+----------------------------------+
; WIDTH          ; 16    ; Untyped                          ;
+----------------+-------+----------------------------------+
Note: In order to hide this table in the UI and the text report file, please set the "Show Parameter Settings in Synthesis Report" option in "Analysis and Synthesis Settings -> More Settings" to "Off".


+-----------------------------------------------------+
; Post-Synthesis Netlist Statistics for Top Partition ;
+-----------------------+-----------------------------+
; Type                  ; Count                       ;
+-----------------------+-----------------------------+
; boundary_port         ; 50                          ;
; cycloneiii_ff         ; 91                          ;
;     CLR               ; 24                          ;
;     ENA CLR           ; 40                          ;
;     plain             ; 27                          ;
; cycloneiii_lcell_comb ; 185                         ;
;     normal            ; 185                         ;
;         1 data inputs ; 5                           ;
;         2 data inputs ; 38                          ;
;         3 data inputs ; 67                          ;
;         4 data inputs ; 75                          ;
;                       ;                             ;
; Max LUT depth         ; 11.00                       ;
; Average LUT depth     ; 4.31                        ;
+-----------------------+-----------------------------+


+-------------------------------+
; Elapsed Time Per Partition    ;
+----------------+--------------+
; Partition Name ; Elapsed Time ;
+----------------+--------------+
; Top            ; 00:00:01     ;
+----------------+--------------+


+-------------------------------+
; Analysis & Synthesis Messages ;
+-------------------------------+
Info: *******************************************************************
Info: Running Quartus Prime Analysis & Synthesis
    Info: Version 18.0.0 Build 614 04/24/2018 SJ Standard Edition
    Info: Processing started: Thu Dec 06 17:11:40 2018
Info: Command: quartus_map --read_settings_files=on --write_settings_files=off newfinal -c newfinal
Warning (18236): Number of processors has not been specified which may cause overloading on shared machines.  Set the global assignment NUM_PARALLEL_PROCESSORS in your QSF to an appropriate value for best performance.
Info (20030): Parallel compilation is enabled and will use 4 of the 4 processors detected
Info (12021): Found 1 design units, including 1 entities, in source file newfinal.bdf
    Info (12023): Found entity 1: newfinal
Info (12127): Elaborating entity "newfinal" for the top level hierarchy
Warning (275011): Block or symbol "finitestatemachine" of instance "inst2" overlaps another block or symbol
Warning (275002): No superset bus at connection
Warning (12125): Using design file seven_seg_decoder.v, which is not specified as a design file for the current project, but contains definitions for 1 design units and 1 entities in project
    Info (12023): Found entity 1: seven_seg_decoder File: U:/CPRE281/newfinal/seven_seg_decoder.v Line: 1
Info (12128): Elaborating entity "seven_seg_decoder" for hierarchy "seven_seg_decoder:inst26"
Info (12128): Elaborating entity "BUSMUX" for hierarchy "BUSMUX:inst24"
Info (12130): Elaborated megafunction instantiation "BUSMUX:inst24"
Info (12133): Instantiated megafunction "BUSMUX:inst24" with the following parameter:
    Info (12134): Parameter "WIDTH" = "8"
Info (12128): Elaborating entity "lpm_mux" for hierarchy "BUSMUX:inst24|lpm_mux:$00000" File: c:/altera/intelfpga/18.0/quartus/libraries/megafunctions/busmux.tdf Line: 43
Info (12131): Elaborated megafunction instantiation "BUSMUX:inst24|lpm_mux:$00000", which is child of megafunction instantiation "BUSMUX:inst24" File: c:/altera/intelfpga/18.0/quartus/libraries/megafunctions/busmux.tdf Line: 43
Info (12021): Found 1 design units, including 1 entities, in source file db/mux_erc.tdf
    Info (12023): Found entity 1: mux_erc File: U:/CPRE281/newfinal/db/mux_erc.tdf Line: 22
Info (12128): Elaborating entity "mux_erc" for hierarchy "BUSMUX:inst24|lpm_mux:$00000|mux_erc:auto_generated" File: c:/altera/intelfpga/18.0/quartus/libraries/megafunctions/lpm_mux.tdf Line: 86
Warning (12125): Using design file sixteenbitstotwoeightbits.v, which is not specified as a design file for the current project, but contains definitions for 1 design units and 1 entities in project
    Info (12023): Found entity 1: sixteenbitstotwoeightbits File: U:/CPRE281/newfinal/sixteenbitstotwoeightbits.v Line: 2
Info (12128): Elaborating entity "sixteenbitstotwoeightbits" for hierarchy "sixteenbitstotwoeightbits:inst23"
Warning (12125): Using design file eightbitsto16bit.v, which is not specified as a design file for the current project, but contains definitions for 1 design units and 1 entities in project
    Info (12023): Found entity 1: eightbitsto16bit File: U:/CPRE281/newfinal/eightbitsto16bit.v Line: 2
Info (12128): Elaborating entity "eightbitsto16bit" for hierarchy "eightbitsto16bit:inst10"
Warning (12125): Using design file registerfile.bdf, which is not specified as a design file for the current project, but contains definitions for 1 design units and 1 entities in project
    Info (12023): Found entity 1: registerfile
Info (12128): Elaborating entity "registerfile" for hierarchy "registerfile:inst"
Warning (12125): Using design file register.bdf, which is not specified as a design file for the current project, but contains definitions for 1 design units and 1 entities in project
    Info (12023): Found entity 1: register
Info (12128): Elaborating entity "register" for hierarchy "registerfile:inst|register:inst10"
Info (12128): Elaborating entity "21mux" for hierarchy "registerfile:inst|register:inst10|21mux:inst1"
Info (12130): Elaborated megafunction instantiation "registerfile:inst|register:inst10|21mux:inst1"
Warning (12125): Using design file decoder2to4.v, which is not specified as a design file for the current project, but contains definitions for 1 design units and 1 entities in project
    Info (12023): Found entity 1: Decoder2to4 File: U:/CPRE281/newfinal/decoder2to4.v Line: 1
Info (12128): Elaborating entity "decoder2to4" for hierarchy "registerfile:inst|decoder2to4:inst14"
Warning (12125): Using design file 8bitregister.bdf, which is not specified as a design file for the current project, but contains definitions for 1 design units and 1 entities in project
    Info (12023): Found entity 1: 8bitregister
Info (12128): Elaborating entity "8bitregister" for hierarchy "registerfile:inst|8bitregister:inst7"
Warning (12125): Using design file mux4to1withen.v, which is not specified as a design file for the current project, but contains definitions for 1 design units and 1 entities in project
    Info (12023): Found entity 1: mux4to1withEN File: U:/CPRE281/newfinal/mux4to1withen.v Line: 1
Info (12128): Elaborating entity "mux4to1withEN" for hierarchy "registerfile:inst|mux4to1withEN:inst3"
Warning (12125): Using design file ctrlreadandwrite.v, which is not specified as a design file for the current project, but contains definitions for 1 design units and 1 entities in project
    Info (12023): Found entity 1: ctrlreadandwrite File: U:/CPRE281/newfinal/ctrlreadandwrite.v Line: 1
Info (12128): Elaborating entity "ctrlreadandwrite" for hierarchy "ctrlreadandwrite:inst48"
Warning (10240): Verilog HDL Always Construct warning at ctrlreadandwrite.v(6): inferring latch(es) for variable "WR_En", which holds its previous value in one or more paths through the always construct File: U:/CPRE281/newfinal/ctrlreadandwrite.v Line: 6
Warning (10240): Verilog HDL Always Construct warning at ctrlreadandwrite.v(6): inferring latch(es) for variable "WA_1", which holds its previous value in one or more paths through the always construct File: U:/CPRE281/newfinal/ctrlreadandwrite.v Line: 6
Warning (10240): Verilog HDL Always Construct warning at ctrlreadandwrite.v(6): inferring latch(es) for variable "WA_0", which holds its previous value in one or more paths through the always construct File: U:/CPRE281/newfinal/ctrlreadandwrite.v Line: 6
Warning (10240): Verilog HDL Always Construct warning at ctrlreadandwrite.v(6): inferring latch(es) for variable "RP_1", which holds its previous value in one or more paths through the always construct File: U:/CPRE281/newfinal/ctrlreadandwrite.v Line: 6
Warning (10240): Verilog HDL Always Construct warning at ctrlreadandwrite.v(6): inferring latch(es) for variable "RP_0", which holds its previous value in one or more paths through the always construct File: U:/CPRE281/newfinal/ctrlreadandwrite.v Line: 6
Warning (10240): Verilog HDL Always Construct warning at ctrlreadandwrite.v(6): inferring latch(es) for variable "RQ_1", which holds its previous value in one or more paths through the always construct File: U:/CPRE281/newfinal/ctrlreadandwrite.v Line: 6
Warning (10240): Verilog HDL Always Construct warning at ctrlreadandwrite.v(6): inferring latch(es) for variable "RQ_0", which holds its previous value in one or more paths through the always construct File: U:/CPRE281/newfinal/ctrlreadandwrite.v Line: 6
Warning (10240): Verilog HDL Always Construct warning at ctrlreadandwrite.v(6): inferring latch(es) for variable "R_EN", which holds its previous value in one or more paths through the always construct File: U:/CPRE281/newfinal/ctrlreadandwrite.v Line: 6
Info (10041): Inferred latch for "R_EN" at ctrlreadandwrite.v(20) File: U:/CPRE281/newfinal/ctrlreadandwrite.v Line: 20
Info (10041): Inferred latch for "RQ_0" at ctrlreadandwrite.v(20) File: U:/CPRE281/newfinal/ctrlreadandwrite.v Line: 20
Info (10041): Inferred latch for "RQ_1" at ctrlreadandwrite.v(20) File: U:/CPRE281/newfinal/ctrlreadandwrite.v Line: 20
Info (10041): Inferred latch for "RP_0" at ctrlreadandwrite.v(20) File: U:/CPRE281/newfinal/ctrlreadandwrite.v Line: 20
Info (10041): Inferred latch for "RP_1" at ctrlreadandwrite.v(20) File: U:/CPRE281/newfinal/ctrlreadandwrite.v Line: 20
Info (10041): Inferred latch for "WA_0" at ctrlreadandwrite.v(20) File: U:/CPRE281/newfinal/ctrlreadandwrite.v Line: 20
Info (10041): Inferred latch for "WA_1" at ctrlreadandwrite.v(20) File: U:/CPRE281/newfinal/ctrlreadandwrite.v Line: 20
Info (10041): Inferred latch for "WR_En" at ctrlreadandwrite.v(20) File: U:/CPRE281/newfinal/ctrlreadandwrite.v Line: 20
Warning (12125): Using design file decoder3to8.v, which is not specified as a design file for the current project, but contains definitions for 1 design units and 1 entities in project
    Info (12023): Found entity 1: Decoder3to8 File: U:/CPRE281/newfinal/decoder3to8.v Line: 1
Info (12128): Elaborating entity "Decoder3to8" for hierarchy "Decoder3to8:inst3"
Warning (12125): Using design file finitestatemachine.bdf, which is not specified as a design file for the current project, but contains definitions for 1 design units and 1 entities in project
    Info (12023): Found entity 1: finitestatemachine
Info (12128): Elaborating entity "finitestatemachine" for hierarchy "finitestatemachine:inst2"
Warning (12125): Using design file finitestatemachinealgorithm.v, which is not specified as a design file for the current project, but contains definitions for 1 design units and 1 entities in project
    Info (12023): Found entity 1: finitestatemachinealgorithm File: U:/CPRE281/newfinal/finitestatemachinealgorithm.v Line: 1
Info (12128): Elaborating entity "finitestatemachinealgorithm" for hierarchy "finitestatemachine:inst2|finitestatemachinealgorithm:inst"
Warning (12125): Using design file counter.bdf, which is not specified as a design file for the current project, but contains definitions for 1 design units and 1 entities in project
    Info (12023): Found entity 1: counter
Info (12128): Elaborating entity "counter" for hierarchy "counter:inst34"
Warning (12125): Using design file clock_generator.bdf, which is not specified as a design file for the current project, but contains definitions for 1 design units and 1 entities in project
    Info (12023): Found entity 1: clock_generator
Info (12128): Elaborating entity "clock_generator" for hierarchy "clock_generator:inst5"
Warning (12125): Using design file clock_divider_1024.bdf, which is not specified as a design file for the current project, but contains definitions for 1 design units and 1 entities in project
    Info (12023): Found entity 1: clock_divider_1024
Info (12128): Elaborating entity "clock_divider_1024" for hierarchy "clock_generator:inst5|clock_divider_1024:inst8"
Warning (12125): Using design file 17b_parallel_shift.bdf, which is not specified as a design file for the current project, but contains definitions for 1 design units and 1 entities in project
    Info (12023): Found entity 1: 17b_Parallel_Shift
Info (12128): Elaborating entity "17b_Parallel_Shift" for hierarchy "17b_Parallel_Shift:inst29"
Info (12128): Elaborating entity "BUSMUX" for hierarchy "BUSMUX:inst8"
Info (12130): Elaborated megafunction instantiation "BUSMUX:inst8"
Info (12133): Instantiated megafunction "BUSMUX:inst8" with the following parameter:
    Info (12134): Parameter "WIDTH" = "16"
Info (12128): Elaborating entity "lpm_mux" for hierarchy "BUSMUX:inst8|lpm_mux:$00000" File: c:/altera/intelfpga/18.0/quartus/libraries/megafunctions/busmux.tdf Line: 43
Info (12131): Elaborated megafunction instantiation "BUSMUX:inst8|lpm_mux:$00000", which is child of megafunction instantiation "BUSMUX:inst8" File: c:/altera/intelfpga/18.0/quartus/libraries/megafunctions/busmux.tdf Line: 43
Info (12021): Found 1 design units, including 1 entities, in source file db/mux_tsc.tdf
    Info (12023): Found entity 1: mux_tsc File: U:/CPRE281/newfinal/db/mux_tsc.tdf Line: 22
Info (12128): Elaborating entity "mux_tsc" for hierarchy "BUSMUX:inst8|lpm_mux:$00000|mux_tsc:auto_generated" File: c:/altera/intelfpga/18.0/quartus/libraries/megafunctions/lpm_mux.tdf Line: 86
Warning (12125): Using design file adderorsub.bdf, which is not specified as a design file for the current project, but contains definitions for 1 design units and 1 entities in project
    Info (12023): Found entity 1: adderOrSub
Info (12128): Elaborating entity "adderOrSub" for hierarchy "adderOrSub:inst36"
Warning (12125): Using design file fulladder.bdf, which is not specified as a design file for the current project, but contains definitions for 1 design units and 1 entities in project
    Info (12023): Found entity 1: fulladder
Info (12128): Elaborating entity "fulladder" for hierarchy "adderOrSub:inst36|fulladder:inst18"
Info (286030): Timing-Driven Synthesis is running
Info (16010): Generating hard_block partition "hard_block:auto_generated_inst"
    Info (16011): Adding 0 node(s), including 0 DDIO, 0 PLL, 0 transceiver and 0 LCELL
Info (21057): Implemented 249 device resources after synthesis - the final resource count might be different
    Info (21058): Implemented 20 input pins
    Info (21059): Implemented 30 output pins
    Info (21061): Implemented 199 logic cells
Info: Quartus Prime Analysis & Synthesis was successful. 0 errors, 29 warnings
    Info: Peak virtual memory: 667 megabytes
    Info: Processing ended: Thu Dec 06 17:11:59 2018
    Info: Elapsed time: 00:00:19
    Info: Total CPU time (on all processors): 00:00:22


